<?xml version="1.0" encoding="UTF-8"?>
<testng-results skipped="0" failed="2" ignored="0" total="4" passed="2">
  <reporter-output>
  </reporter-output>
  <suite name="Suite" duration-ms="43856" started-at="2017-08-09T15:21:40Z" finished-at="2017-08-09T15:22:24Z">
    <groups>
    </groups>
    <test name="TestGmailPositive" duration-ms="24138" started-at="2017-08-09T15:21:40Z" finished-at="2017-08-09T15:22:04Z">
      <class name="com.epam.testgmail.TestGmail">
        <test-method status="PASS" signature="testGmail(models.UserModel)[pri:0, instance:com.epam.testgmail.TestGmail@343f4d3d]" name="testGmail" duration-ms="22811" started-at="2017-08-09T18:21:40Z" data-provider="getData" finished-at="2017-08-09T18:22:03Z">
          <params>
            <param index="0">
              <value>
                <![CDATA[UserModel [login=olegvovkanych@gmail.com, password=sittervovkanych]]]>
              </value>
            </param>
          </params>
          <reporter-output>
          </reporter-output>
        </test-method> <!-- testGmail -->
        <test-method status="PASS" signature="testGmail(models.UserModel)[pri:0, instance:com.epam.testgmail.TestGmail@343f4d3d]" name="testGmail" duration-ms="22263" started-at="2017-08-09T18:21:40Z" data-provider="getData" finished-at="2017-08-09T18:22:03Z">
          <params>
            <param index="0">
              <value>
                <![CDATA[UserModel [login=romslavinsky@gmail.com, password=sitterslavinsky]]]>
              </value>
            </param>
          </params>
          <reporter-output>
          </reporter-output>
        </test-method> <!-- testGmail -->
        <test-method status="PASS" signature="closeBrowser()[pri:0, instance:com.epam.testgmail.TestGmail@343f4d3d]" name="closeBrowser" is-config="true" duration-ms="1031" started-at="2017-08-09T18:22:03Z" finished-at="2017-08-09T18:22:04Z">
          <reporter-output>
          </reporter-output>
        </test-method> <!-- closeBrowser -->
        <test-method status="PASS" signature="closeBrowser()[pri:0, instance:com.epam.testgmail.TestGmail@343f4d3d]" name="closeBrowser" is-config="true" duration-ms="796" started-at="2017-08-09T18:22:03Z" finished-at="2017-08-09T18:22:04Z">
          <reporter-output>
          </reporter-output>
        </test-method> <!-- closeBrowser -->
      </class> <!-- com.epam.testgmail.TestGmail -->
    </test> <!-- TestGmailPositive -->
    <test name="TestGmailNagative" duration-ms="19702" started-at="2017-08-09T15:22:04Z" finished-at="2017-08-09T15:22:24Z">
      <class name="com.epam.testgmail.TestGmailNegative">
        <test-method status="FAIL" signature="testLogin(models.UserModel)[pri:0, instance:com.epam.testgmail.TestGmailNegative@3043fe0e]" name="testLogin" duration-ms="18883" started-at="2017-08-09T18:22:04Z" data-provider="getData" finished-at="2017-08-09T18:22:23Z">
          <params>
            <param index="0">
              <value>
                <![CDATA[UserModel [login=olegvovkanych@gmail.com, password=sittervovkanych]]]>
              </value>
            </param>
          </params>
          <exception class="java.lang.AssertionError">
            <message>
              <![CDATA[expected [false] but found [true]]]>
            </message>
            <full-stacktrace>
              <![CDATA[java.lang.AssertionError: expected [false] but found [true]
	at org.testng.Assert.fail(Assert.java:93)
	at org.testng.Assert.failNotEquals(Assert.java:512)
	at org.testng.Assert.assertFalse(Assert.java:62)
	at org.testng.Assert.assertFalse(Assert.java:72)
	at com.epam.testgmail.TestGmailNegative.testLogin(TestGmailNegative.java:40)
	at sun.reflect.NativeMethodAccessorImpl.invoke0(Native Method)
	at sun.reflect.NativeMethodAccessorImpl.invoke(NativeMethodAccessorImpl.java:62)
	at sun.reflect.DelegatingMethodAccessorImpl.invoke(DelegatingMethodAccessorImpl.java:43)
	at java.lang.reflect.Method.invoke(Method.java:498)
	at org.testng.internal.MethodInvocationHelper.invokeMethod(MethodInvocationHelper.java:108)
	at org.testng.internal.Invoker.invokeMethod(Invoker.java:661)
	at org.testng.internal.Invoker.invokeTestMethod(Invoker.java:869)
	at org.testng.internal.Invoker.invokeTestMethods(Invoker.java:1193)
	at org.testng.internal.TestMethodWorker.invokeTestMethods(TestMethodWorker.java:126)
	at org.testng.internal.TestMethodWorker.run(TestMethodWorker.java:109)
	at org.testng.TestRunner.privateRun(TestRunner.java:744)
	at org.testng.TestRunner.run(TestRunner.java:602)
	at org.testng.SuiteRunner.runTest(SuiteRunner.java:380)
	at org.testng.SuiteRunner.runSequentially(SuiteRunner.java:375)
	at org.testng.SuiteRunner.privateRun(SuiteRunner.java:340)
	at org.testng.SuiteRunner.run(SuiteRunner.java:289)
	at org.testng.SuiteRunnerWorker.runSuite(SuiteRunnerWorker.java:52)
	at org.testng.SuiteRunnerWorker.run(SuiteRunnerWorker.java:86)
	at org.testng.TestNG.runSuitesSequentially(TestNG.java:1301)
	at org.testng.TestNG.runSuitesLocally(TestNG.java:1226)
	at org.testng.TestNG.runSuites(TestNG.java:1144)
	at org.testng.TestNG.run(TestNG.java:1115)
	at org.testng.remote.AbstractRemoteTestNG.run(AbstractRemoteTestNG.java:132)
	at org.testng.remote.RemoteTestNG.initAndRun(RemoteTestNG.java:230)
	at org.testng.remote.RemoteTestNG.main(RemoteTestNG.java:76)
]]>
            </full-stacktrace>
          </exception> <!-- java.lang.AssertionError -->
          <reporter-output>
          </reporter-output>
        </test-method> <!-- testLogin -->
        <test-method status="PASS" signature="closeBrowser()[pri:0, instance:com.epam.testgmail.TestGmailNegative@3043fe0e]" name="closeBrowser" is-config="true" duration-ms="802" started-at="2017-08-09T18:22:23Z" finished-at="2017-08-09T18:22:24Z">
          <reporter-output>
          </reporter-output>
        </test-method> <!-- closeBrowser -->
        <test-method status="FAIL" signature="testLogin(models.UserModel)[pri:0, instance:com.epam.testgmail.TestGmailNegative@3043fe0e]" name="testLogin" duration-ms="0" started-at="2017-08-09T18:22:24Z" data-provider="getData" finished-at="2017-08-09T18:22:24Z">
          <params>
            <param index="0">
              <value>
                <![CDATA[UserModel [login=romslavinsky@gmail.com, password=sitterslavinsky]]]>
              </value>
            </param>
          </params>
          <exception class="org.openqa.selenium.NoSuchSessionException">
            <message>
              <![CDATA[Session ID is null. Using WebDriver after calling quit()?
Build info: version: '3.4.0', revision: 'unknown', time: 'unknown'
System info: host: 'EPUALVIW0391', ip: '10.25.32.58', os.name: 'Windows 10', os.arch: 'amd64', os.version: '10.0', java.version: '1.8.0_131'
Driver info: driver.version: Driver]]>
            </message>
            <full-stacktrace>
              <![CDATA[org.openqa.selenium.NoSuchSessionException: Session ID is null. Using WebDriver after calling quit()?
Build info: version: '3.4.0', revision: 'unknown', time: 'unknown'
System info: host: 'EPUALVIW0391', ip: '10.25.32.58', os.name: 'Windows 10', os.arch: 'amd64', os.version: '10.0', java.version: '1.8.0_131'
Driver info: driver.version: Driver
	at org.openqa.selenium.remote.HttpCommandExecutor.execute(HttpCommandExecutor.java:131)
	at org.openqa.selenium.remote.service.DriverCommandExecutor.execute(DriverCommandExecutor.java:82)
	at org.openqa.selenium.remote.RemoteWebDriver.execute(RemoteWebDriver.java:637)
	at org.openqa.selenium.remote.RemoteWebDriver.get(RemoteWebDriver.java:364)
	at driver.Driver.setBaseUrl(Driver.java:32)
	at bussinessobj.LoginBO.login(LoginBO.java:14)
	at com.epam.testgmail.TestGmailNegative.testLogin(TestGmailNegative.java:33)
	at sun.reflect.NativeMethodAccessorImpl.invoke0(Native Method)
	at sun.reflect.NativeMethodAccessorImpl.invoke(NativeMethodAccessorImpl.java:62)
	at sun.reflect.DelegatingMethodAccessorImpl.invoke(DelegatingMethodAccessorImpl.java:43)
	at java.lang.reflect.Method.invoke(Method.java:498)
	at org.testng.internal.MethodInvocationHelper.invokeMethod(MethodInvocationHelper.java:108)
	at org.testng.internal.Invoker.invokeMethod(Invoker.java:661)
	at org.testng.internal.Invoker.invokeTestMethod(Invoker.java:869)
	at org.testng.internal.Invoker.invokeTestMethods(Invoker.java:1193)
	at org.testng.internal.TestMethodWorker.invokeTestMethods(TestMethodWorker.java:126)
	at org.testng.internal.TestMethodWorker.run(TestMethodWorker.java:109)
	at org.testng.TestRunner.privateRun(TestRunner.java:744)
	at org.testng.TestRunner.run(TestRunner.java:602)
	at org.testng.SuiteRunner.runTest(SuiteRunner.java:380)
	at org.testng.SuiteRunner.runSequentially(SuiteRunner.java:375)
	at org.testng.SuiteRunner.privateRun(SuiteRunner.java:340)
	at org.testng.SuiteRunner.run(SuiteRunner.java:289)
	at org.testng.SuiteRunnerWorker.runSuite(SuiteRunnerWorker.java:52)
	at org.testng.SuiteRunnerWorker.run(SuiteRunnerWorker.java:86)
	at org.testng.TestNG.runSuitesSequentially(TestNG.java:1301)
	at org.testng.TestNG.runSuitesLocally(TestNG.java:1226)
	at org.testng.TestNG.runSuites(TestNG.java:1144)
	at org.testng.TestNG.run(TestNG.java:1115)
	at org.testng.remote.AbstractRemoteTestNG.run(AbstractRemoteTestNG.java:132)
	at org.testng.remote.RemoteTestNG.initAndRun(RemoteTestNG.java:230)
	at org.testng.remote.RemoteTestNG.main(RemoteTestNG.java:76)
]]>
            </full-stacktrace>
          </exception> <!-- org.openqa.selenium.NoSuchSessionException -->
          <reporter-output>
          </reporter-output>
        </test-method> <!-- testLogin -->
        <test-method status="PASS" signature="closeBrowser()[pri:0, instance:com.epam.testgmail.TestGmailNegative@3043fe0e]" name="closeBrowser" is-config="true" duration-ms="0" started-at="2017-08-09T18:22:24Z" finished-at="2017-08-09T18:22:24Z">
          <reporter-output>
          </reporter-output>
        </test-method> <!-- closeBrowser -->
      </class> <!-- com.epam.testgmail.TestGmailNegative -->
    </test> <!-- TestGmailNagative -->
  </suite> <!-- Suite -->
</testng-results>
